Using pre-set license

 COMMAND LINE ARGUMENTS:
/Users/alex/UNITY/01_SEMESTER/2020.3.3f1/Unity.app/Contents/MacOS/Unity
-adb2
-batchMode
-noUpm
-name
AssetImportWorker0
-projectPath
/Users/alex/Downloads/UNITY-GITHUB/VR-Oculus
-logFile
Logs/AssetImportWorker0.log
-srvPort
55374
Successfully changed project path to: /Users/alex/Downloads/UNITY-GITHUB/VR-Oculus
/Users/alex/Downloads/UNITY-GITHUB/VR-Oculus
Using Asset Import Pipeline V2.
Refreshing native plugins compatible for Editor in 98.25 ms, found 5 plugins.
Preloading 1 native plugins for Editor in 14.05 ms.
Initialize engine version: 2020.3.3f1 (76626098c1c4)
[Subsystems] Discovering subsystems at path /Users/alex/UNITY/01_SEMESTER/2020.3.3f1/Unity.app/Contents/Resources/UnitySubsystems
[Subsystems] Discovering subsystems at path /Users/alex/Downloads/UNITY-GITHUB/VR-Oculus/Assets
GfxDevice: creating device client; threaded=0
2021-04-21 15:46:27.861 Unity[16267:1215437] Color LCD preferred device: AMD Radeon Pro 5500M (high power)
2021-04-21 15:46:27.861 Unity[16267:1215437] Metal devices available: 2
2021-04-21 15:46:27.861 Unity[16267:1215437] 0: AMD Radeon Pro 5500M (high power)
2021-04-21 15:46:27.861 Unity[16267:1215437] 1: Intel(R) UHD Graphics 630 (low power)
2021-04-21 15:46:27.862 Unity[16267:1215437] Using device AMD Radeon Pro 5500M (high power)
Initializing Metal device caps: AMD Radeon Pro 5500M
Shader 'Universal Render Pipeline/Particles/Lit': fallback shader 'Universal Render Pipeline/Particles/SimpleLit' not found
Shader 'Oculus/OVRMRCameraFrameLit': fallback shader 'Alpha-Diffuse' not found
Initialize mono
Mono path[0] = '/Users/alex/UNITY/01_SEMESTER/2020.3.3f1/Unity.app/Contents/Managed'
Mono path[1] = '/Users/alex/UNITY/01_SEMESTER/2020.3.3f1/Unity.app/Contents/MonoBleedingEdge/lib/mono/unityjit'
Mono config path = '/Users/alex/UNITY/01_SEMESTER/2020.3.3f1/Unity.app/Contents/MonoBleedingEdge/etc'
Using monoOptions --debugger-agent=transport=dt_socket,embedding=1,server=y,suspend=n,address=127.0.0.1:56267
Begin MonoManager ReloadAssembly
Registering precompiled unity dll's ...
Register platform support module: /Users/alex/UNITY/01_SEMESTER/2020.3.3f1/PlaybackEngines/WebGLSupport/UnityEditor.WebGL.Extensions.dll
Register platform support module: /Users/alex/UNITY/01_SEMESTER/2020.3.3f1/Unity.app/Contents/PlaybackEngines/MacStandaloneSupport/UnityEditor.OSXStandalone.Extensions.dll
Registered in 0.002393 seconds.
Native extension for OSXStandalone target not found
Native extension for WebGL target not found
Refreshing native plugins compatible for Editor in 73.08 ms, found 5 plugins.
Preloading 1 native plugins for Editor in 0.54 ms.
Invoked RoslynAnalysisRunner static constructor.
RoslynAnalysisRunner will not be running.
RoslynAnalysisRunner has terminated.
Mono: successfully reloaded assembly
- Completed reload, in  2.929 seconds
Platform modules already initialized, skipping
Registering precompiled user dll's ...
Registered in 0.004939 seconds.
Begin MonoManager ReloadAssembly
Native extension for OSXStandalone target not found
Native extension for WebGL target not found
Refreshing native plugins compatible for Editor in 63.22 ms, found 5 plugins.
Preloading 1 native plugins for Editor in 0.44 ms.
Invoked RoslynAnalysisRunner static constructor.
RoslynAnalysisRunner will not be running.
RoslynAnalysisRunner has terminated.
Mono: successfully reloaded assembly
- Completed reload, in  1.195 seconds
Platform modules already initialized, skipping
========================================================================
Worker process is ready to serve import requests
Shader 'Oculus/OVRMRCameraFrameLit': fallback shader 'Alpha-Diffuse' not found
Shader 'Universal Render Pipeline/Particles/Lit': fallback shader 'Universal Render Pipeline/Particles/SimpleLit' not found
Launching external process: /Users/alex/UNITY/01_SEMESTER/2020.3.3f1/Unity.app/Contents/Tools/UnityShaderCompiler
Launched and connected shader compiler UnityShaderCompiler after 0.01 seconds
Refreshing native plugins compatible for Editor in 0.98 ms, found 5 plugins.
Preloading 1 native plugins for Editor in 0.46 ms.
Unloading 3497 Unused Serialized files (Serialized files now loaded: 0)
System memory in use before: 248.4 MB.
System memory in use after: 248.3 MB.

Unloading 37 unused Assets to reduce memory usage. Loaded Objects now: 3925.
Total: 2.752268 ms (FindLiveObjects: 0.326421 ms CreateObjectMapping: 0.162012 ms MarkObjects: 1.925475 ms  DeleteObjects: 0.337457 ms)

========================================================================
Received Import Request.
  path: Assets/Prefabs
  artifactKey: Guid(4d9767a1ba1ca422281a3c6df058c065) Importer(815301076,1909f56bfc062723c751e8b465ee728b)
Start importing Assets/Prefabs using Guid(4d9767a1ba1ca422281a3c6df058c065) Importer(815301076,1909f56bfc062723c751e8b465ee728b)  -> (artifact id: 'fc8f3d0fe3790d110d8dce9384e396f3') in 0.007417 seconds
  Import took 0.015294 seconds .

========================================================================
Received Import Request.
  Time since last request: 0.000220 seconds.
  path: Assets/Prefabs/AdjustedXRInteractionPrefabs
  artifactKey: Guid(c2ffb0e576d07994ab3c7dd0e584350d) Importer(815301076,1909f56bfc062723c751e8b465ee728b)
Start importing Assets/Prefabs/AdjustedXRInteractionPrefabs using Guid(c2ffb0e576d07994ab3c7dd0e584350d) Importer(815301076,1909f56bfc062723c751e8b465ee728b)  -> (artifact id: '54bb99481545828f39629cd848d8d12b') in 0.001688 seconds
  Import took 0.007486 seconds .

========================================================================
Received Import Request.
  Time since last request: 0.000173 seconds.
  path: Assets/Prefabs/AdjustedXRInteractionPrefabs/XR Rig.prefab
  artifactKey: Guid(a9a9c9675de9d6a4fb4894b7f218c1d8) Importer(815301076,1909f56bfc062723c751e8b465ee728b)
Start importing Assets/Prefabs/AdjustedXRInteractionPrefabs/XR Rig.prefab using Guid(a9a9c9675de9d6a4fb4894b7f218c1d8) Importer(815301076,1909f56bfc062723c751e8b465ee728b)  -> (artifact id: 'eb85dd49dbe848c18a72d07ee4d8fe6c') in 0.819168 seconds
  Import took 0.826231 seconds .

========================================================================
Received Import Request.
  Time since last request: 0.000187 seconds.
  path: Assets/Prefabs/AdjustedXRInteractionPrefabs/Controller/controller.prefab
  artifactKey: Guid(902b196ba17fa284bae10bdc5878a72d) Importer(815301076,1909f56bfc062723c751e8b465ee728b)
Start importing Assets/Prefabs/AdjustedXRInteractionPrefabs/Controller/controller.prefab using Guid(902b196ba17fa284bae10bdc5878a72d) Importer(815301076,1909f56bfc062723c751e8b465ee728b)  -> (artifact id: 'd4a9c13490b639997ba38aadf79462e8') in 0.683102 seconds
  Import took 0.688441 seconds .

========================================================================
Received Import Request.
  Time since last request: 0.000184 seconds.
  path: Assets/Prefabs/AdjustedXRInteractionPrefabs/Controller
  artifactKey: Guid(799b6d12010ccbd47b48109c4e4cec8f) Importer(815301076,1909f56bfc062723c751e8b465ee728b)
Start importing Assets/Prefabs/AdjustedXRInteractionPrefabs/Controller using Guid(799b6d12010ccbd47b48109c4e4cec8f) Importer(815301076,1909f56bfc062723c751e8b465ee728b)  -> (artifact id: 'c0ce39c97bc616711f39c4ae462efab8') in 0.000797 seconds
  Import took 0.005134 seconds .

========================================================================
Received Import Request.
  Time since last request: 0.000167 seconds.
  path: Assets/Prefabs/AdjustedXRInteractionPrefabs/XR Rig - DirectInteractor.prefab
  artifactKey: Guid(1f867e12ac17e1f45bebea5da580f609) Importer(815301076,1909f56bfc062723c751e8b465ee728b)
Start importing Assets/Prefabs/AdjustedXRInteractionPrefabs/XR Rig - DirectInteractor.prefab using Guid(1f867e12ac17e1f45bebea5da580f609) Importer(815301076,1909f56bfc062723c751e8b465ee728b)  -> (artifact id: '411fb0577930011d128db82f9c4b231e') in 0.020268 seconds
  Import took 0.026413 seconds .

========================================================================
Received Import Request.
  Time since last request: 0.000310 seconds.
  path: Assets/Prefabs/AdjustedXRInteractionPrefabs/Locomotion System.prefab
  artifactKey: Guid(d99020a81f4cbd041a519b8c20d1671f) Importer(815301076,1909f56bfc062723c751e8b465ee728b)
Start importing Assets/Prefabs/AdjustedXRInteractionPrefabs/Locomotion System.prefab using Guid(d99020a81f4cbd041a519b8c20d1671f) Importer(815301076,1909f56bfc062723c751e8b465ee728b)  -> (artifact id: 'd81fdc5ae1c07dbd9e2953ce808ed24b') in 0.006611 seconds
  Import took 0.012045 seconds .

========================================================================
Received Prepare
Registering precompiled user dll's ...
Registered in 0.005183 seconds.
Begin MonoManager ReloadAssembly
Native extension for OSXStandalone target not found
Native extension for WebGL target not found
Refreshing native plugins compatible for Editor in 1.94 ms, found 5 plugins.
Preloading 1 native plugins for Editor in 0.72 ms.
Invoked RoslynAnalysisRunner static constructor.
RoslynAnalysisRunner will not be running.
RoslynAnalysisRunner has terminated.
Mono: successfully reloaded assembly
- Completed reload, in  1.704 seconds
Platform modules already initialized, skipping
Shader 'Oculus/OVRMRCameraFrameLit': fallback shader 'Alpha-Diffuse' not found
Shader 'Universal Render Pipeline/Particles/Lit': fallback shader 'Universal Render Pipeline/Particles/SimpleLit' not found
Refreshing native plugins compatible for Editor in 1.36 ms, found 5 plugins.
Preloading 1 native plugins for Editor in 0.76 ms.
Unloading 3331 Unused Serialized files (Serialized files now loaded: 0)
System memory in use before: 247.5 MB.
System memory in use after: 247.4 MB.

Unloading 31 unused Assets to reduce memory usage. Loaded Objects now: 3974.
Total: 2.959048 ms (FindLiveObjects: 0.331605 ms CreateObjectMapping: 0.159795 ms MarkObjects: 2.119817 ms  DeleteObjects: 0.347100 ms)

========================================================================
Received Prepare
Registering precompiled user dll's ...
Registered in 0.006921 seconds.
Begin MonoManager ReloadAssembly
Native extension for OSXStandalone target not found
Native extension for WebGL target not found
Refreshing native plugins compatible for Editor in 0.75 ms, found 5 plugins.
Preloading 1 native plugins for Editor in 0.48 ms.
Invoked RoslynAnalysisRunner static constructor.
RoslynAnalysisRunner will not be running.
RoslynAnalysisRunner has terminated.
Mono: successfully reloaded assembly
- Completed reload, in  1.130 seconds
Platform modules already initialized, skipping
Shader 'Oculus/OVRMRCameraFrameLit': fallback shader 'Alpha-Diffuse' not found
Shader 'Universal Render Pipeline/Particles/Lit': fallback shader 'Universal Render Pipeline/Particles/SimpleLit' not found
Refreshing native plugins compatible for Editor in 0.75 ms, found 5 plugins.
Preloading 1 native plugins for Editor in 0.43 ms.
Unloading 3331 Unused Serialized files (Serialized files now loaded: 0)
System memory in use before: 248.0 MB.
System memory in use after: 247.9 MB.

Unloading 31 unused Assets to reduce memory usage. Loaded Objects now: 3978.
Total: 3.698113 ms (FindLiveObjects: 0.430053 ms CreateObjectMapping: 0.231529 ms MarkObjects: 2.653349 ms  DeleteObjects: 0.382020 ms)

========================================================================
Received Prepare
Registering precompiled user dll's ...
Registered in 0.006462 seconds.
Begin MonoManager ReloadAssembly
Native extension for OSXStandalone target not found
Native extension for WebGL target not found
Refreshing native plugins compatible for Editor in 0.82 ms, found 5 plugins.
Preloading 1 native plugins for Editor in 0.46 ms.
Invoked RoslynAnalysisRunner static constructor.
RoslynAnalysisRunner will not be running.
RoslynAnalysisRunner has terminated.
Mono: successfully reloaded assembly
- Completed reload, in  1.135 seconds
Platform modules already initialized, skipping
Switching build target platform(2) subTarget(0) extendedPlatform(0) -> platform(13) subTarget(537395200) extendedPlatform(0)
Shader 'Oculus/OVRMRCameraFrameLit': fallback shader 'Alpha-Diffuse' not found
Shader 'Universal Render Pipeline/Particles/Lit': fallback shader 'Universal Render Pipeline/Particles/SimpleLit' not found
Refreshing native plugins compatible for Editor in 0.77 ms, found 5 plugins.
Preloading 1 native plugins for Editor in 0.44 ms.
Unloading 3335 Unused Serialized files (Serialized files now loaded: 0)
System memory in use before: 236.5 MB.
System memory in use after: 236.4 MB.

Unloading 31 unused Assets to reduce memory usage. Loaded Objects now: 3982.
Total: 4.233901 ms (FindLiveObjects: 0.477314 ms CreateObjectMapping: 0.242753 ms MarkObjects: 3.034359 ms  DeleteObjects: 0.477548 ms)

AssetImportParameters requested are different than current active one (requested -> active):
  custom:graphics/normal-map-encoding: 01000000000000000000000000000000 -> 02000000000000000000000000000000
========================================================================
Received Prepare
Shader 'Oculus/OVRMRCameraFrameLit': fallback shader 'Alpha-Diffuse' not found
Shader 'Universal Render Pipeline/Particles/Lit': fallback shader 'Universal Render Pipeline/Particles/SimpleLit' not found
Refreshing native plugins compatible for Editor in 3.75 ms, found 5 plugins.
Preloading 1 native plugins for Editor in 0.42 ms.
Unloading 28 Unused Serialized files (Serialized files now loaded: 0)
System memory in use before: 171.5 MB.
System memory in use after: 171.5 MB.

Unloading 27 unused Assets to reduce memory usage. Loaded Objects now: 3982.
Total: 3.920611 ms (FindLiveObjects: 0.479480 ms CreateObjectMapping: 0.268502 ms MarkObjects: 2.692682 ms  DeleteObjects: 0.478039 ms)

========================================================================
Received Import Request.
  Time since last request: 754.885720 seconds.
  path: Assets/Prefabs/AdjustedXRInteractionPrefabs/XR Rig.prefab
  artifactKey: Guid(a9a9c9675de9d6a4fb4894b7f218c1d8) Importer(815301076,1909f56bfc062723c751e8b465ee728b)
Start importing Assets/Prefabs/AdjustedXRInteractionPrefabs/XR Rig.prefab using Guid(a9a9c9675de9d6a4fb4894b7f218c1d8) Importer(815301076,1909f56bfc062723c751e8b465ee728b)  -> (artifact id: 'dc43a3a27ba065c6594321c1c4d318e2') in 0.048843 seconds
  Import took 0.054205 seconds .

AssetImportWorkerClient::OnTransportError - code=2 error=End of file
